TN:
SF:src\hooks\index.js
FNF:0
FNH:0
LF:0
LH:0
BRF:0
BRH:0
end_of_record
TN:
SF:src\hooks\useAlerts.js
FN:14,useAlerts
FN:17,(anonymous_1)
FN:17,(anonymous_2)
FN:19,(anonymous_3)
FN:19,(anonymous_4)
FNF:5
FNH:0
FNDA:0,useAlerts
FNDA:0,(anonymous_1)
FNDA:0,(anonymous_2)
FNDA:0,(anonymous_3)
FNDA:0,(anonymous_4)
DA:15,0
DA:17,0
DA:19,0
DA:21,0
LF:4
LH:0
BRF:0
BRH:0
end_of_record
TN:
SF:src\hooks\useHeatmap.js
FN:15,useHeatmap
FN:18,(anonymous_1)
FN:18,(anonymous_2)
FN:21,(anonymous_3)
FN:21,(anonymous_4)
FN:21,(anonymous_5)
FNF:6
FNH:0
FNDA:0,useHeatmap
FNDA:0,(anonymous_1)
FNDA:0,(anonymous_2)
FNDA:0,(anonymous_3)
FNDA:0,(anonymous_4)
FNDA:0,(anonymous_5)
DA:16,0
DA:18,0
DA:20,0
DA:21,0
DA:25,0
LF:5
LH:0
BRDA:21,0,0,0
BRDA:21,0,1,0
BRF:2
BRH:0
end_of_record
TN:
SF:src\hooks\useQueue.js
FN:14,useQueue
FN:17,(anonymous_1)
FN:17,(anonymous_2)
FN:19,(anonymous_3)
FN:19,(anonymous_4)
FNF:5
FNH:0
FNDA:0,useQueue
FNDA:0,(anonymous_1)
FNDA:0,(anonymous_2)
FNDA:0,(anonymous_3)
FNDA:0,(anonymous_4)
DA:15,0
DA:17,0
DA:19,0
DA:21,0
LF:4
LH:0
BRDA:19,0,0,0
BRDA:19,0,1,0
BRF:2
BRH:0
end_of_record
TN:
SF:src\hooks\useSecureQr.js
FN:16,useSecureQr
FN:25,rotate
FN:36,(anonymous_2)
FN:37,(anonymous_3)
FN:39,(anonymous_4)
FN:45,(anonymous_5)
FNF:6
FNH:0
FNDA:0,useSecureQr
FNDA:0,rotate
FNDA:0,(anonymous_2)
FNDA:0,(anonymous_3)
FNDA:0,(anonymous_4)
FNDA:0,(anonymous_5)
DA:14,0
DA:17,0
DA:18,0
DA:19,0
DA:20,0
DA:23,0
DA:26,0
DA:27,0
DA:28,0
DA:29,0
DA:32,0
DA:33,0
DA:36,0
DA:37,0
DA:38,0
DA:39,0
DA:43,0
DA:45,0
DA:46,0
DA:47,0
DA:52,0
LF:21
LH:0
BRF:0
BRH:0
end_of_record
TN:
SF:src\hooks\useTimeline.js
FN:12,useTimeline
FN:13,(anonymous_1)
FNF:2
FNH:0
FNDA:0,useTimeline
FNDA:0,(anonymous_1)
DA:13,0
DA:14,0
DA:15,0
DA:17,0
LF:4
LH:0
BRDA:15,0,0,0
BRDA:15,0,1,0
BRDA:19,1,0,0
BRDA:19,1,1,0
BRDA:19,2,0,0
BRDA:19,2,1,0
BRDA:20,3,0,0
BRDA:20,3,1,0
BRDA:20,4,0,0
BRDA:20,4,1,0
BRF:10
BRH:0
end_of_record
TN:
SF:src\hooks\useTransport.js
FN:13,useTransport
FNF:1
FNH:0
FNDA:0,useTransport
DA:22,0
DA:28,0
DA:34,0
DA:40,0
DA:42,0
LF:5
LH:0
BRDA:31,0,0,0
BRDA:31,0,1,0
BRF:2
BRH:0
end_of_record
TN:
SF:src\hooks\useWallet.js
FN:15,useWallet
FN:19,(anonymous_1)
FN:19,(anonymous_2)
FN:19,(anonymous_3)
FN:24,(anonymous_4)
FN:24,(anonymous_5)
FN:24,(anonymous_6)
FNF:7
FNH:0
FNDA:0,useWallet
FNDA:0,(anonymous_1)
FNDA:0,(anonymous_2)
FNDA:0,(anonymous_3)
FNDA:0,(anonymous_4)
FNDA:0,(anonymous_5)
FNDA:0,(anonymous_6)
DA:16,0
DA:18,0
DA:19,0
DA:23,0
DA:24,0
DA:28,0
LF:6
LH:0
BRF:0
BRH:0
end_of_record
TN:
SF:src\utils\crypto.js
FN:21,deriveHmacKey
FN:44,generateAesKey
FN:58,signToken
FN:78,verifyToken
FN:84,(anonymous_4)
FN:110,encryptQrPayload
FN:128,decryptQrPayload
FN:131,(anonymous_7)
FN:132,(anonymous_8)
FN:148,exportKey
FN:158,importAesKey
FN:159,(anonymous_11)
FNF:12
FNH:0
FNDA:0,deriveHmacKey
FNDA:0,generateAesKey
FNDA:0,signToken
FNDA:0,verifyToken
FNDA:0,(anonymous_4)
FNDA:0,encryptQrPayload
FNDA:0,decryptQrPayload
FNDA:0,(anonymous_7)
FNDA:0,(anonymous_8)
FNDA:0,exportKey
FNDA:0,importAesKey
FNDA:0,(anonymous_11)
DA:22,0
DA:23,0
DA:26,0
DA:45,0
DA:59,0
DA:60,0
DA:61,0
DA:63,0
DA:65,0
DA:66,0
DA:79,0
DA:80,0
DA:81,0
DA:83,0
DA:84,0
DA:86,0
DA:87,0
DA:89,0
DA:92,0
DA:94,0
DA:96,0
DA:111,0
DA:112,0
DA:114,0
DA:116,0
DA:117,0
DA:118,0
DA:129,0
DA:130,0
DA:131,0
DA:132,0
DA:134,0
DA:135,0
DA:137,0
DA:149,0
DA:150,0
DA:159,0
DA:160,0
LF:38
LH:0
BRDA:78,0,0,0
BRDA:81,1,0,0
BRDA:81,1,1,0
BRDA:81,2,0,0
BRDA:81,2,1,0
BRDA:81,2,2,0
BRDA:87,3,0,0
BRDA:87,3,1,0
BRDA:92,4,0,0
BRDA:92,4,1,0
BRF:10
BRH:0
end_of_record
TN:
SF:src\utils\dataHelpers.js
FN:91,createTransaction
FN:103,getDefaultState
FN:117,getFilteredTransactions
FN:119,(anonymous_3)
FN:120,(anonymous_4)
FN:121,(anonymous_5)
FN:131,(anonymous_6)
FN:134,buildMonthlyOverview
FN:138,(anonymous_8)
FN:139,(anonymous_9)
FN:151,(anonymous_10)
FN:157,buildCategoryTotals
FN:158,(anonymous_12)
FN:159,(anonymous_13)
FN:165,(anonymous_14)
FN:166,(anonymous_15)
FN:169,buildInsights
FN:170,(anonymous_17)
FN:186,(anonymous_18)
FN:216,summarizeTransactions
FN:218,(anonymous_20)
FN:219,(anonymous_21)
FN:221,(anonymous_22)
FN:222,(anonymous_23)
FN:224,(anonymous_24)
FN:240,formatCurrency
FN:248,formatDate
FNF:27
FNH:0
FNDA:0,createTransaction
FNDA:0,getDefaultState
FNDA:0,getFilteredTransactions
FNDA:0,(anonymous_3)
FNDA:0,(anonymous_4)
FNDA:0,(anonymous_5)
FNDA:0,(anonymous_6)
FNDA:0,buildMonthlyOverview
FNDA:0,(anonymous_8)
FNDA:0,(anonymous_9)
FNDA:0,(anonymous_10)
FNDA:0,buildCategoryTotals
FNDA:0,(anonymous_12)
FNDA:0,(anonymous_13)
FNDA:0,(anonymous_14)
FNDA:0,(anonymous_15)
FNDA:0,buildInsights
FNDA:0,(anonymous_17)
FNDA:0,(anonymous_18)
FNDA:0,summarizeTransactions
FNDA:0,(anonymous_20)
FNDA:0,(anonymous_21)
FNDA:0,(anonymous_22)
FNDA:0,(anonymous_23)
FNDA:0,(anonymous_24)
FNDA:0,formatCurrency
FNDA:0,formatDate
DA:1,0
DA:76,0
DA:89,0
DA:92,0
DA:104,0
DA:106,0
DA:107,0
DA:110,0
DA:118,0
DA:119,0
DA:120,0
DA:122,0
DA:123,0
DA:125,0
DA:129,0
DA:131,0
DA:135,0
DA:137,0
DA:138,0
DA:140,0
DA:144,0
DA:145,0
DA:146,0
DA:149,0
DA:151,0
DA:152,0
DA:153,0
DA:158,0
DA:159,0
DA:160,0
DA:161,0
DA:164,0
DA:165,0
DA:166,0
DA:170,0
DA:171,0
DA:172,0
DA:177,0
DA:178,0
DA:180,0
DA:183,0
DA:186,0
DA:187,0
DA:188,0
DA:189,0
DA:190,0
DA:192,0
DA:196,0
DA:217,0
DA:218,0
DA:219,0
DA:220,0
DA:221,0
DA:222,0
DA:223,0
DA:224,0
DA:228,0
DA:241,0
DA:249,0
LF:59
LH:0
BRDA:93,0,0,0
BRDA:93,0,1,0
BRDA:99,1,0,0
BRDA:99,1,1,0
BRDA:106,2,0,0
BRDA:106,2,1,0
BRDA:119,3,0,0
BRDA:119,3,1,0
BRDA:120,4,0,0
BRDA:120,4,1,0
BRDA:123,5,0,0
BRDA:123,5,1,0
BRDA:144,6,0,0
BRDA:144,6,1,0
BRDA:145,7,0,0
BRDA:145,7,1,0
BRDA:160,8,0,0
BRDA:160,8,1,0
BRDA:172,9,0,0
BRDA:172,9,1,0
BRDA:177,10,0,0
BRDA:177,10,1,0
BRDA:187,11,0,0
BRDA:187,11,1,0
BRDA:188,12,0,0
BRDA:188,12,1,0
BRDA:192,13,0,0
BRDA:192,13,1,0
BRDA:201,14,0,0
BRDA:201,14,1,0
BRDA:204,15,0,0
BRDA:204,15,1,0
BRDA:224,16,0,0
BRDA:224,16,1,0
BRF:34
BRH:0
end_of_record
TN:
SF:src\utils\envValidator.js
FN:33,getEnvVar
FN:47,serviceIsLive
FN:48,(anonymous_2)
FN:59,validateEnv
FNF:4
FNH:4
FNDA:8,getEnvVar
FNDA:8,serviceIsLive
FNDA:8,(anonymous_2)
FNDA:2,validateEnv
DA:13,1
DA:21,1
DA:34,8
DA:36,8
DA:38,0
DA:48,8
DA:49,8
DA:50,8
DA:60,2
DA:61,2
DA:63,2
DA:64,8
DA:65,8
DA:66,8
DA:69,2
DA:71,2
DA:72,2
DA:78,2
LF:18
LH:17
BRDA:50,0,0,8
BRDA:50,0,1,0
BRDA:50,0,2,0
BRDA:65,1,0,0
BRDA:65,1,1,8
BRDA:66,2,0,8
BRDA:66,2,1,0
BRDA:71,3,0,2
BRDA:71,3,1,0
BRF:9
BRH:4
end_of_record
TN:
SF:src\utils\eventEngine.js
FN:1,clamp
FN:5,formatCurrency
FN:13,buildQrToken
FN:24,getDensityTone
FN:40,predictWaitMinutes
FN:48,recommendRoute
FN:49,(anonymous_6)
FN:57,(anonymous_7)
FN:59,(anonymous_8)
FN:74,buildAiAlert
FN:86,createWalletActivity
FN:90,selectRecommendations
FN:92,(anonymous_12)
FN:95,(anonymous_13)
FN:99,(anonymous_14)
FN:103,suggestDepartureOption
FN:105,(anonymous_16)
FN:105,(anonymous_17)
FN:106,(anonymous_18)
FN:109,(anonymous_19)
FN:113,(anonymous_20)
FNF:21
FNH:20
FNDA:15,clamp
FNDA:0,formatCurrency
FNDA:5,buildQrToken
FNDA:4,getDensityTone
FNDA:4,predictWaitMinutes
FNDA:4,recommendRoute
FNDA:16,(anonymous_6)
FNDA:12,(anonymous_7)
FNDA:12,(anonymous_8)
FNDA:3,buildAiAlert
FNDA:2,createWalletActivity
FNDA:3,selectRecommendations
FNDA:9,(anonymous_12)
FNDA:12,(anonymous_13)
FNDA:12,(anonymous_14)
FNDA:2,suggestDepartureOption
FNDA:4,(anonymous_16)
FNDA:4,(anonymous_17)
FNDA:4,(anonymous_18)
FNDA:4,(anonymous_19)
FNDA:2,(anonymous_20)
DA:2,15
DA:6,0
DA:14,5
DA:15,5
DA:17,5
DA:18,116
DA:21,5
DA:25,4
DA:26,1
DA:29,3
DA:30,1
DA:33,2
DA:34,1
DA:37,1
DA:41,4
DA:42,4
DA:43,4
DA:45,4
DA:49,4
DA:50,16
DA:51,8
DA:54,8
DA:57,12
DA:59,12
DA:60,4
DA:62,4
DA:66,4
DA:75,3
DA:76,1
DA:79,2
DA:80,1
DA:83,1
DA:87,2
DA:91,3
DA:92,9
DA:95,12
DA:99,12
DA:105,4
DA:106,4
DA:108,2
DA:109,4
DA:113,2
DA:115,2
LF:43
LH:42
BRDA:25,0,0,1
BRDA:25,0,1,3
BRDA:29,1,0,1
BRDA:29,1,1,2
BRDA:33,2,0,1
BRDA:33,2,1,1
BRDA:40,3,0,0
BRDA:48,4,0,0
BRDA:50,5,0,8
BRDA:50,5,1,8
BRDA:51,6,0,8
BRDA:51,6,1,0
BRDA:54,7,0,8
BRDA:54,7,1,0
BRDA:59,8,0,0
BRDA:59,8,1,4
BRDA:62,9,0,2
BRDA:62,9,1,2
BRDA:74,10,0,0
BRDA:75,11,0,1
BRDA:75,11,1,2
BRDA:79,12,0,1
BRDA:79,12,1,1
BRDA:90,13,0,0
BRDA:95,14,0,3
BRDA:95,14,1,9
BRDA:96,15,0,3
BRDA:96,15,1,6
BRF:28
BRH:21
end_of_record
TN:
SF:src\utils\rateLimit.js
FN:21,checkRateLimit
FN:23,(anonymous_1)
FN:49,resetRateLimit
FN:56,clearAllRateLimits
FN:65,formatRetryMessage
FNF:5
FNH:5
FNDA:14,checkRateLimit
FNDA:11,(anonymous_1)
FNDA:1,resetRateLimit
FNDA:5,clearAllRateLimits
FNDA:2,formatRetryMessage
DA:11,1
DA:22,14
DA:23,14
DA:25,14
DA:26,4
DA:27,4
DA:34,10
DA:35,10
DA:37,10
DA:50,1
DA:57,5
DA:66,2
DA:67,2
LF:13
LH:13
BRDA:21,0,0,0
BRDA:21,1,0,0
BRDA:23,2,0,14
BRDA:23,2,1,7
BRDA:25,3,0,4
BRDA:25,3,1,10
BRF:6
BRH:4
end_of_record
TN:
SF:src\utils\sanitize.js
FN:11,sanitizeText
FN:27,sanitizeAmount
FN:39,validateQueueId
FN:50,generateCsrfToken
FN:54,(anonymous_4)
FN:64,buildAuditEntry
FNF:6
FNH:6
FNDA:8,sanitizeText
FNDA:8,sanitizeAmount
FNDA:6,validateQueueId
FNDA:3,generateCsrfToken
FNDA:48,(anonymous_4)
FNDA:4,buildAuditEntry
DA:12,8
DA:13,5
DA:28,8
DA:29,8
DA:30,7
DA:31,3
DA:40,6
DA:41,5
DA:51,3
DA:52,3
DA:53,3
DA:54,48
DA:65,4
LF:13
LH:13
BRDA:12,0,0,3
BRDA:12,0,1,5
BRDA:27,1,0,5
BRDA:27,2,0,5
BRDA:29,3,0,1
BRDA:29,3,1,7
BRDA:30,4,0,4
BRDA:30,4,1,3
BRDA:30,5,0,7
BRDA:30,5,1,5
BRDA:40,6,0,1
BRDA:40,6,1,5
BRDA:70,7,0,4
BRDA:70,7,1,4
BRF:14
BRH:14
end_of_record
TN:
SF:src\utils\webVitals.js
FN:20,sendToAnalytics
FN:46,rate
FN:58,observe
FN:60,(anonymous_3)
FN:73,reportWebVitals
FN:75,(anonymous_5)
FN:81,(anonymous_6)
FN:89,(anonymous_7)
FN:94,(anonymous_8)
FN:101,(anonymous_9)
FN:106,(anonymous_10)
FNF:11
FNH:0
FNDA:0,sendToAnalytics
FNDA:0,rate
FNDA:0,observe
FNDA:0,(anonymous_3)
FNDA:0,reportWebVitals
FNDA:0,(anonymous_5)
FNDA:0,(anonymous_6)
FNDA:0,(anonymous_7)
FNDA:0,(anonymous_8)
FNDA:0,(anonymous_9)
FNDA:0,(anonymous_10)
DA:21,0
DA:31,0
DA:47,0
DA:48,0
DA:49,0
DA:50,0
DA:59,0
DA:60,0
DA:61,0
DA:63,0
DA:75,0
DA:76,0
DA:77,0
DA:81,0
DA:82,0
DA:83,0
DA:84,0
DA:89,0
DA:90,0
DA:91,0
DA:94,0
DA:95,0
DA:96,0
DA:101,0
DA:102,0
DA:103,0
DA:106,0
DA:107,0
DA:108,0
LF:29
LH:0
BRDA:23,0,0,0
BRDA:23,0,1,0
BRDA:47,1,0,0
BRDA:47,1,1,0
BRDA:48,2,0,0
BRDA:48,2,1,0
BRDA:49,3,0,0
BRDA:49,3,1,0
BRDA:82,4,0,0
BRDA:82,4,1,0
BRDA:95,5,0,0
BRDA:95,5,1,0
BRDA:107,6,0,0
BRDA:107,6,1,0
BRF:14
BRH:0
end_of_record
